Build started 2012.07.06. 19:08:59.
     1>Project "C:\Users\Pjata\Documents\Visual Studio 2010\Projects\proba\proba\proba.vcxproj" on node 2 (build target(s)).
     1>InitializeBuildStatus:
         Creating "Debug\proba.unsuccessfulbuild" because "AlwaysCreate" was specified.
       ClCompile:
         C:\Program Files (x86)\Microsoft Visual Studio 10.0\VC\bin\CL.exe /c /ZI /nologo /W3 /WX- /Od /Oy- /D WIN32 /D _DEBUG /D _CONSOLE /D SFML_DYNAMIC /D _UNICODE /D UNICODE /Gm /EHsc /RTC1 /MDd /GS /fp:precise /Zc:wchar_t /Zc:forScope /Fo"Debug\\" /Fd"Debug\vc100.pdb" /Gd /TP /analyze- /errorReport:prompt RectangleBlock.cpp
         RectangleBlock.cpp
     1>c:\users\pjata\documents\visual studio 2010\projects\proba\proba\dataforengine.h(28): warning C4150: deletion of pointer to incomplete type 'ButtonManager'; no destructor called
                 c:\users\pjata\documents\visual studio 2010\projects\proba\proba\dataforengine.h(9) : see declaration of 'ButtonManager'
     1>c:\users\pjata\documents\visual studio 2010\projects\proba\proba\rectangleblock.cpp(98): warning C4018: '<' : signed/unsigned mismatch
     1>c:\users\pjata\documents\visual studio 2010\projects\proba\proba\rectangleblock.cpp(111): warning C4996: 'strcpy': This function or variable may be unsafe. Consider using strcpy_s instead. To disable deprecation, use _CRT_SECURE_NO_WARNINGS. See online help for details.
                 c:\program files (x86)\microsoft visual studio 10.0\vc\include\string.h(105) : see declaration of 'strcpy'
     1>c:\users\pjata\documents\visual studio 2010\projects\proba\proba\rectangleblock.cpp(114): warning C4996: 'strtok': This function or variable may be unsafe. Consider using strtok_s instead. To disable deprecation, use _CRT_SECURE_NO_WARNINGS. See online help for details.
                 c:\program files (x86)\microsoft visual studio 10.0\vc\include\string.h(197) : see declaration of 'strtok'
     1>c:\users\pjata\documents\visual studio 2010\projects\proba\proba\rectangleblock.cpp(120): warning C4996: 'strtok': This function or variable may be unsafe. Consider using strtok_s instead. To disable deprecation, use _CRT_SECURE_NO_WARNINGS. See online help for details.
                 c:\program files (x86)\microsoft visual studio 10.0\vc\include\string.h(197) : see declaration of 'strtok'
     1>c:\users\pjata\documents\visual studio 2010\projects\proba\proba\rectangleblock.cpp(121): warning C4244: '=' : conversion from 'double' to 'float', possible loss of data
     1>c:\users\pjata\documents\visual studio 2010\projects\proba\proba\rectangleblock.cpp(123): warning C4996: 'strtok': This function or variable may be unsafe. Consider using strtok_s instead. To disable deprecation, use _CRT_SECURE_NO_WARNINGS. See online help for details.
                 c:\program files (x86)\microsoft visual studio 10.0\vc\include\string.h(197) : see declaration of 'strtok'
     1>c:\users\pjata\documents\visual studio 2010\projects\proba\proba\rectangleblock.cpp(124): warning C4244: '=' : conversion from 'double' to 'float', possible loss of data
     1>c:\users\pjata\documents\visual studio 2010\projects\proba\proba\rectangleblock.cpp(130): warning C4996: 'strtok': This function or variable may be unsafe. Consider using strtok_s instead. To disable deprecation, use _CRT_SECURE_NO_WARNINGS. See online help for details.
                 c:\program files (x86)\microsoft visual studio 10.0\vc\include\string.h(197) : see declaration of 'strtok'
     1>c:\users\pjata\documents\visual studio 2010\projects\proba\proba\rectangleblock.cpp(131): warning C4800: 'int' : forcing value to bool 'true' or 'false' (performance warning)
     1>c:\users\pjata\documents\visual studio 2010\projects\proba\proba\rectangleblock.cpp(133): warning C4996: 'strtok': This function or variable may be unsafe. Consider using strtok_s instead. To disable deprecation, use _CRT_SECURE_NO_WARNINGS. See online help for details.
                 c:\program files (x86)\microsoft visual studio 10.0\vc\include\string.h(197) : see declaration of 'strtok'
     1>c:\users\pjata\documents\visual studio 2010\projects\proba\proba\rectangleblock.cpp(156): warning C4018: '<' : signed/unsigned mismatch
       ManifestResourceCompile:
         All outputs are up-to-date.
       Link:
         C:\Program Files (x86)\Microsoft Visual Studio 10.0\VC\bin\link.exe /ERRORREPORT:PROMPT /OUT:"C:\Users\Pjata\Documents\Visual Studio 2010\Projects\proba\Debug\proba.exe" /INCREMENTAL /NOLOGO "sfml-system-d.lib" "sfml-window-d.lib" "sfml-graphics-d.lib" kernel32.lib user32.lib gdi32.lib winspool.lib comdlg32.lib advapi32.lib shell32.lib ole32.lib oleaut32.lib uuid.lib odbc32.lib odbccp32.lib /MANIFEST /ManifestFile:"Debug\proba.exe.intermediate.manifest" /MANIFESTUAC:"level='asInvoker' uiAccess='false'" /DEBUG /PDB:"C:\Users\Pjata\Documents\Visual Studio 2010\Projects\proba\Debug\proba.pdb" /SUBSYSTEM:CONSOLE /TLBID:1 /DYNAMICBASE /NXCOMPAT /IMPLIB:"C:\Users\Pjata\Documents\Visual Studio 2010\Projects\proba\Debug\proba.lib" /MACHINE:X86 Debug\proba.exe.embed.manifest.res
         Debug\AmmoData.obj
         Debug\Block.obj
         Debug\Button.obj
         Debug\ButtonManager.obj
         Debug\CirculaTextureSelect.obj
         Debug\Editor.obj
         Debug\EntitiyManager.obj
         Debug\Entity.obj
         Debug\Game.obj
         Debug\GamePlay.obj
         Debug\GatewayData.obj
         Debug\main.obj
         Debug\Map.obj
         Debug\MonsterData.obj
         Debug\PlatformData.obj
         Debug\Player.obj
         Debug\RectangleBlock.obj
         Debug\resource.obj
         Debug\SaveToEngine.obj
         Debug\TextManager.obj
         Debug\TextureManager.obj
         Debug\WeaponData.obj
       Manifest:
         C:\Program Files (x86)\Microsoft SDKs\Windows\v7.0A\bin\mt.exe /nologo /verbose /out:"Debug\proba.exe.embed.manifest" /manifest Debug\proba.exe.intermediate.manifest
         All outputs are up-to-date.
       LinkEmbedManifest:
         All outputs are up-to-date.
         proba.vcxproj -> C:\Users\Pjata\Documents\Visual Studio 2010\Projects\proba\Debug\proba.exe
       FinalizeBuildStatus:
         Deleting file "Debug\proba.unsuccessfulbuild".
         Touching "Debug\proba.lastbuildstate".
     1>Done Building Project "C:\Users\Pjata\Documents\Visual Studio 2010\Projects\proba\proba\proba.vcxproj" (build target(s)).

Build succeeded.

Time Elapsed 00:00:03.23
